This file contains any messages produced by compilers while
running configure, to aid debugging if configure makes a mistake.

It was created by lsipod configure 0.1, which was
generated by GNU Autoconf 2.69.  Invocation command line was

  $ ./configure 

## --------- ##
## Platform. ##
## --------- ##

hostname = kabuto
uname -m = x86_64
uname -r = 3.10.20-pnr
uname -s = Linux
uname -v = #4 SMP Sun Jan 19 14:58:42 JST 2014

/usr/bin/uname -p = Intel(R) Core(TM) i7 CPU         940  @ 2.93GHz
/bin/uname -X     = unknown

/bin/arch              = x86_64
/usr/bin/arch -k       = unknown
/usr/convex/getsysinfo = unknown
/usr/bin/hostinfo      = unknown
/bin/machine           = unknown
/usr/bin/oslevel       = unknown
/bin/universe          = unknown

PATH: /home/paul/bin
PATH: /home/paul/bin
PATH: /home/paul/GNUstep/Tools
PATH: /opt/GNUstep/bin
PATH: /usr/local/bin
PATH: /usr/bin
PATH: /bin
PATH: /usr/games
PATH: /usr/lib64/java/bin
PATH: /usr/lib64/java/jre/bin
PATH: /usr/lib64/kde4/libexec
PATH: /usr/lib64/qt/bin
PATH: /usr/share/texmf/bin
PATH: .
PATH: /usr/local/lib/ant/bin
PATH: /usr/local/lib/ant/bin


## ----------- ##
## Core tests. ##
## ----------- ##

configure:2210: checking for a BSD-compatible install
configure:2278: result: /usr/bin/ginstall -c
configure:2289: checking whether build environment is sane
configure:2344: result: yes
configure:2495: checking for a thread-safe mkdir -p
configure:2534: result: /usr/bin/mkdir -p
configure:2541: checking for gawk
configure:2557: found /usr/bin/gawk
configure:2568: result: gawk
configure:2579: checking whether make sets $(MAKE)
configure:2601: result: yes
configure:2630: checking whether make supports nested variables
configure:2647: result: yes
configure:2822: checking for gcc
configure:2838: found /usr/bin/gcc
configure:2849: result: gcc
configure:3078: checking for C compiler version
configure:3087: gcc --version >&5
gcc (GCC) 4.8.3
Copyright (C) 2013 Free Software Foundation, Inc.
This is free software; see the source for copying conditions.  There is NO
warranty; not even for MERCHANTABILITY or FITNESS FOR A PARTICULAR PURPOSE.

configure:3098: $? = 0
configure:3087: gcc -v >&5
Reading specs from /usr/lib64/gcc/x86_64-slackware-linux/4.8.3/specs
COLLECT_GCC=gcc
COLLECT_LTO_WRAPPER=/usr/libexec/gcc/x86_64-slackware-linux/4.8.3/lto-wrapper
Target: x86_64-slackware-linux
Configured with: ../gcc-4.8.3/configure --prefix=/usr --libdir=/usr/lib64 --mandir=/usr/man --infodir=/usr/info --enable-shared --enable-bootstrap --enable-languages=ada,c,c++,fortran,go,java,lto,objc --enable-threads=posix --enable-checking=release --enable-objc-gc --with-system-zlib --with-python-dir=/lib64/python2.7/site-packages --disable-libunwind-exceptions --enable-__cxa_atexit --enable-libssp --enable-lto --with-gnu-ld --verbose --enable-java-home --with-java-home=/usr/lib64/jvm/jre --with-jvm-root-dir=/usr/lib64/jvm --with-jvm-jar-dir=/usr/lib64/jvm/jvm-exports --with-arch-directory=amd64 --with-antlr-jar=/home/slackware/slackbuilds/gcc/antlr-runtime-3.4.jar --enable-multilib --target=x86_64-slackware-linux --build=x86_64-slackware-linux --host=x86_64-slackware-linux
Thread model: posix
gcc version 4.8.3 (GCC) 
configure:3098: $? = 0
configure:3087: gcc -V >&5
gcc: error: unrecognized command line option '-V'
gcc: fatal error: no input files
compilation terminated.
configure:3098: $? = 1
configure:3087: gcc -qversion >&5
gcc: error: unrecognized command line option '-qversion'
gcc: fatal error: no input files
compilation terminated.
configure:3098: $? = 1
configure:3118: checking whether the C compiler works
configure:3140: gcc    conftest.c  >&5
configure:3144: $? = 0
configure:3192: result: yes
configure:3195: checking for C compiler default output file name
configure:3197: result: a.out
configure:3203: checking for suffix of executables
configure:3210: gcc -o conftest    conftest.c  >&5
configure:3214: $? = 0
configure:3236: result: 
configure:3258: checking whether we are cross compiling
configure:3266: gcc -o conftest    conftest.c  >&5
configure:3270: $? = 0
configure:3277: ./conftest
configure:3281: $? = 0
configure:3296: result: no
configure:3301: checking for suffix of object files
configure:3323: gcc -c   conftest.c >&5
configure:3327: $? = 0
configure:3348: result: o
configure:3352: checking whether we are using the GNU C compiler
configure:3371: gcc -c   conftest.c >&5
configure:3371: $? = 0
configure:3380: result: yes
configure:3389: checking whether gcc accepts -g
configure:3409: gcc -c -g  conftest.c >&5
configure:3409: $? = 0
configure:3450: result: yes
configure:3467: checking for gcc option to accept ISO C89
configure:3530: gcc  -c -g -O2  conftest.c >&5
configure:3530: $? = 0
configure:3543: result: none needed
configure:3568: checking whether gcc understands -c and -o together
configure:3590: gcc -c conftest.c -o conftest2.o
configure:3593: $? = 0
configure:3590: gcc -c conftest.c -o conftest2.o
configure:3593: $? = 0
configure:3605: result: yes
configure:3633: checking for style of include used by make
configure:3661: result: GNU
configure:3687: checking dependency style of gcc
configure:3798: result: gcc3
configure:3816: checking for itdb_filename_ipod2fs in -lgpod
configure:3841: gcc -o conftest -g -O2   conftest.c -lgpod   >&5
configure:3841: $? = 0
configure:3850: result: yes
configure:3868: checking how to run the C preprocessor
configure:3899: gcc -E  conftest.c
configure:3899: $? = 0
configure:3913: gcc -E  conftest.c
conftest.c:12:28: fatal error: ac_nonexistent.h: No such file or directory
 #include <ac_nonexistent.h>
                            ^
compilation terminated.
configure:3913: $? = 1
configure: failed program was:
| /* confdefs.h */
| #define PACKAGE_NAME "lsipod"
| #define PACKAGE_TARNAME "lsipod"
| #define PACKAGE_VERSION "0.1"
| #define PACKAGE_STRING "lsipod 0.1"
| #define PACKAGE_BUGREPORT "RichterPN2002@yahoo.co.jp"
| #define PACKAGE_URL ""
| #define PACKAGE "lsipod"
| #define VERSION "0.1"
| #define HAVE_LIBGPOD 1
| /* end confdefs.h.  */
| #include <ac_nonexistent.h>
configure:3938: result: gcc -E
configure:3958: gcc -E  conftest.c
configure:3958: $? = 0
configure:3972: gcc -E  conftest.c
conftest.c:12:28: fatal error: ac_nonexistent.h: No such file or directory
 #include <ac_nonexistent.h>
                            ^
compilation terminated.
configure:3972: $? = 1
configure: failed program was:
| /* confdefs.h */
| #define PACKAGE_NAME "lsipod"
| #define PACKAGE_TARNAME "lsipod"
| #define PACKAGE_VERSION "0.1"
| #define PACKAGE_STRING "lsipod 0.1"
| #define PACKAGE_BUGREPORT "RichterPN2002@yahoo.co.jp"
| #define PACKAGE_URL ""
| #define PACKAGE "lsipod"
| #define VERSION "0.1"
| #define HAVE_LIBGPOD 1
| /* end confdefs.h.  */
| #include <ac_nonexistent.h>
configure:4001: checking for grep that handles long lines and -e
configure:4059: result: /usr/bin/grep
configure:4064: checking for egrep
configure:4126: result: /usr/bin/grep -E
configure:4131: checking for ANSI C header files
configure:4151: gcc -c -g -O2  conftest.c >&5
configure:4151: $? = 0
configure:4224: gcc -o conftest -g -O2   conftest.c -lgpod  >&5
configure:4224: $? = 0
configure:4224: ./conftest
configure:4224: $? = 0
configure:4235: result: yes
configure:4248: checking for sys/types.h
configure:4248: gcc -c -g -O2  conftest.c >&5
configure:4248: $? = 0
configure:4248: result: yes
configure:4248: checking for sys/stat.h
configure:4248: gcc -c -g -O2  conftest.c >&5
configure:4248: $? = 0
configure:4248: result: yes
configure:4248: checking for stdlib.h
configure:4248: gcc -c -g -O2  conftest.c >&5
configure:4248: $? = 0
configure:4248: result: yes
configure:4248: checking for string.h
configure:4248: gcc -c -g -O2  conftest.c >&5
configure:4248: $? = 0
configure:4248: result: yes
configure:4248: checking for memory.h
configure:4248: gcc -c -g -O2  conftest.c >&5
configure:4248: $? = 0
configure:4248: result: yes
configure:4248: checking for strings.h
configure:4248: gcc -c -g -O2  conftest.c >&5
configure:4248: $? = 0
configure:4248: result: yes
configure:4248: checking for inttypes.h
configure:4248: gcc -c -g -O2  conftest.c >&5
configure:4248: $? = 0
configure:4248: result: yes
configure:4248: checking for stdint.h
configure:4248: gcc -c -g -O2  conftest.c >&5
configure:4248: $? = 0
configure:4248: result: yes
configure:4248: checking for unistd.h
configure:4248: gcc -c -g -O2  conftest.c >&5
configure:4248: $? = 0
configure:4248: result: yes
configure:4263: checking for stdlib.h
configure:4263: result: yes
configure:4263: checking for string.h
configure:4263: result: yes
configure:4328: checking for pkg-config
configure:4346: found /usr/bin/pkg-config
configure:4358: result: /usr/bin/pkg-config
configure:4383: checking pkg-config is at least version 0.9.0
configure:4386: result: yes
configure:4396: checking for libgpod
configure:4403: $PKG_CONFIG --exists --print-errors "libgpod-1.0"
configure:4406: $? = 0
configure:4420: $PKG_CONFIG --exists --print-errors "libgpod-1.0"
configure:4423: $? = 0
configure:4481: result: yes
configure:4491: checking for strdup
configure:4491: gcc -o conftest -g -O2   conftest.c -lgpod  >&5
conftest.c:47:6: warning: conflicting types for built-in function 'strdup' [enabled by default]
 char strdup ();
      ^
configure:4491: $? = 0
configure:4491: result: yes
configure:4614: checking that generated files are newer than configure
configure:4620: result: done
configure:4643: creating ./config.status

## ---------------------- ##
## Running config.status. ##
## ---------------------- ##

This file was extended by lsipod config.status 0.1, which was
generated by GNU Autoconf 2.69.  Invocation command line was

  CONFIG_FILES    = 
  CONFIG_HEADERS  = 
  CONFIG_LINKS    = 
  CONFIG_COMMANDS = 
  $ ./config.status 

on kabuto

config.status:865: creating Makefile
config.status:865: creating config.h
config.status:1094: executing depfiles commands

## ---------------- ##
## Cache variables. ##
## ---------------- ##

ac_cv_c_compiler_gnu=yes
ac_cv_env_CC_set=
ac_cv_env_CC_value=
ac_cv_env_CFLAGS_set=
ac_cv_env_CFLAGS_value=
ac_cv_env_CPPFLAGS_set=
ac_cv_env_CPPFLAGS_value=
ac_cv_env_CPP_set=
ac_cv_env_CPP_value=
ac_cv_env_LDFLAGS_set=
ac_cv_env_LDFLAGS_value=
ac_cv_env_LIBS_set=
ac_cv_env_LIBS_value=
ac_cv_env_PKG_CONFIG_LIBDIR_set=
ac_cv_env_PKG_CONFIG_LIBDIR_value=
ac_cv_env_PKG_CONFIG_PATH_set=set
ac_cv_env_PKG_CONFIG_PATH_value=/usr/local/lib/pkgconfig/:/usr/local/lib64/pkgconfig:/usr/lib64/pkgconfig
ac_cv_env_PKG_CONFIG_set=
ac_cv_env_PKG_CONFIG_value=
ac_cv_env_build_alias_set=
ac_cv_env_build_alias_value=
ac_cv_env_host_alias_set=
ac_cv_env_host_alias_value=
ac_cv_env_libgpod_CFLAGS_set=
ac_cv_env_libgpod_CFLAGS_value=
ac_cv_env_libgpod_LIBS_set=
ac_cv_env_libgpod_LIBS_value=
ac_cv_env_target_alias_set=
ac_cv_env_target_alias_value=
ac_cv_func_strdup=yes
ac_cv_header_inttypes_h=yes
ac_cv_header_memory_h=yes
ac_cv_header_stdc=yes
ac_cv_header_stdint_h=yes
ac_cv_header_stdlib_h=yes
ac_cv_header_string_h=yes
ac_cv_header_strings_h=yes
ac_cv_header_sys_stat_h=yes
ac_cv_header_sys_types_h=yes
ac_cv_header_unistd_h=yes
ac_cv_lib_gpod_itdb_filename_ipod2fs=yes
ac_cv_objext=o
ac_cv_path_EGREP='/usr/bin/grep -E'
ac_cv_path_GREP=/usr/bin/grep
ac_cv_path_ac_pt_PKG_CONFIG=/usr/bin/pkg-config
ac_cv_path_install='/usr/bin/ginstall -c'
ac_cv_path_mkdir=/usr/bin/mkdir
ac_cv_prog_AWK=gawk
ac_cv_prog_CPP='gcc -E'
ac_cv_prog_ac_ct_CC=gcc
ac_cv_prog_cc_c89=
ac_cv_prog_cc_g=yes
ac_cv_prog_make_make_set=yes
am_cv_CC_dependencies_compiler_type=gcc3
am_cv_make_support_nested_variables=yes
am_cv_prog_cc_c_o=yes
pkg_cv_libgpod_CFLAGS='-pthread -I/usr/local/include/gpod-1.0 -I/usr/local/include -I/usr/include/glib-2.0 -I/usr/lib64/glib-2.0/include -I/usr/include/gdk-pixbuf-2.0 -I/usr/include/libpng14 -I/usr/include/libxml2  '
pkg_cv_libgpod_LIBS='-L/usr/local/lib -L/usr/local/lib64 -L/usr//usr/lib64 -lgpod -lgdk_pixbuf-2.0 -limobiledevice -lgobject-2.0 -lglib-2.0 -lplist -lusbmuxd -lssl -lcrypto  '

## ----------------- ##
## Output variables. ##
## ----------------- ##

ACLOCAL='${SHELL} /home/paul/src/git/lsipod/missing aclocal-1.14'
AMDEPBACKSLASH='\'
AMDEP_FALSE='#'
AMDEP_TRUE=''
AMTAR='$${TAR-tar}'
AM_BACKSLASH='\'
AM_DEFAULT_V='$(AM_DEFAULT_VERBOSITY)'
AM_DEFAULT_VERBOSITY='1'
AM_V='$(V)'
AUTOCONF='${SHELL} /home/paul/src/git/lsipod/missing autoconf'
AUTOHEADER='${SHELL} /home/paul/src/git/lsipod/missing autoheader'
AUTOMAKE='${SHELL} /home/paul/src/git/lsipod/missing automake-1.14'
AWK='gawk'
CC='gcc'
CCDEPMODE='depmode=gcc3'
CFLAGS='-pthread -I/usr/local/include/gpod-1.0 -I/usr/local/include -I/usr/include/glib-2.0 -I/usr/lib64/glib-2.0/include -I/usr/include/gdk-pixbuf-2.0 -I/usr/include/libpng14 -I/usr/include/libxml2   -g -O2'
CPP='gcc -E'
CPPFLAGS=''
CYGPATH_W='echo'
DEFS='-DHAVE_CONFIG_H'
DEPDIR='.deps'
ECHO_C=''
ECHO_N='-n'
ECHO_T=''
EGREP='/usr/bin/grep -E'
EXEEXT=''
GREP='/usr/bin/grep'
INSTALL_DATA='${INSTALL} -m 644'
INSTALL_PROGRAM='${INSTALL}'
INSTALL_SCRIPT='${INSTALL}'
INSTALL_STRIP_PROGRAM='$(install_sh) -c -s'
LDFLAGS=''
LIBOBJS=''
LIBS='-L/usr/local/lib -L/usr/local/lib64 -L/usr//usr/lib64 -lgpod -lgdk_pixbuf-2.0 -limobiledevice -lgobject-2.0 -lglib-2.0 -lplist -lusbmuxd -lssl -lcrypto   -lgpod '
LTLIBOBJS=''
MAKEINFO='${SHELL} /home/paul/src/git/lsipod/missing makeinfo'
MKDIR_P='/usr/bin/mkdir -p'
OBJEXT='o'
PACKAGE='lsipod'
PACKAGE_BUGREPORT='RichterPN2002@yahoo.co.jp'
PACKAGE_NAME='lsipod'
PACKAGE_STRING='lsipod 0.1'
PACKAGE_TARNAME='lsipod'
PACKAGE_URL=''
PACKAGE_VERSION='0.1'
PATH_SEPARATOR=':'
PKG_CONFIG='/usr/bin/pkg-config'
PKG_CONFIG_LIBDIR=''
PKG_CONFIG_PATH='/usr/local/lib/pkgconfig/:/usr/local/lib64/pkgconfig:/usr/lib64/pkgconfig'
SET_MAKE=''
SHELL='/bin/sh'
STRIP=''
VERSION='0.1'
ac_ct_CC='gcc'
am__EXEEXT_FALSE=''
am__EXEEXT_TRUE='#'
am__fastdepCC_FALSE='#'
am__fastdepCC_TRUE=''
am__include='include'
am__isrc=''
am__leading_dot='.'
am__nodep='_no'
am__quote=''
am__tar='$${TAR-tar} chof - "$$tardir"'
am__untar='$${TAR-tar} xf -'
bindir='${exec_prefix}/bin'
build_alias=''
datadir='${datarootdir}'
datarootdir='${prefix}/share'
docdir='${datarootdir}/doc/${PACKAGE_TARNAME}'
dvidir='${docdir}'
exec_prefix='${prefix}'
host_alias=''
htmldir='${docdir}'
includedir='${prefix}/include'
infodir='${datarootdir}/info'
install_sh='${SHELL} /home/paul/src/git/lsipod/install-sh'
libdir='${exec_prefix}/lib'
libexecdir='${exec_prefix}/libexec'
libgpod_CFLAGS='-pthread -I/usr/local/include/gpod-1.0 -I/usr/local/include -I/usr/include/glib-2.0 -I/usr/lib64/glib-2.0/include -I/usr/include/gdk-pixbuf-2.0 -I/usr/include/libpng14 -I/usr/include/libxml2  '
libgpod_LIBS='-L/usr/local/lib -L/usr/local/lib64 -L/usr//usr/lib64 -lgpod -lgdk_pixbuf-2.0 -limobiledevice -lgobject-2.0 -lglib-2.0 -lplist -lusbmuxd -lssl -lcrypto  '
localedir='${datarootdir}/locale'
localstatedir='${prefix}/var'
mandir='${datarootdir}/man'
mkdir_p='$(MKDIR_P)'
oldincludedir='/usr/include'
pdfdir='${docdir}'
prefix='/usr/local'
program_transform_name='s,x,x,'
psdir='${docdir}'
sbindir='${exec_prefix}/sbin'
sharedstatedir='${prefix}/com'
sysconfdir='${prefix}/etc'
target_alias=''

## ----------- ##
## confdefs.h. ##
## ----------- ##

/* confdefs.h */
#define PACKAGE_NAME "lsipod"
#define PACKAGE_TARNAME "lsipod"
#define PACKAGE_VERSION "0.1"
#define PACKAGE_STRING "lsipod 0.1"
#define PACKAGE_BUGREPORT "RichterPN2002@yahoo.co.jp"
#define PACKAGE_URL ""
#define PACKAGE "lsipod"
#define VERSION "0.1"
#define HAVE_LIBGPOD 1
#define STDC_HEADERS 1
#define HAVE_SYS_TYPES_H 1
#define HAVE_SYS_STAT_H 1
#define HAVE_STDLIB_H 1
#define HAVE_STRING_H 1
#define HAVE_MEMORY_H 1
#define HAVE_STRINGS_H 1
#define HAVE_INTTYPES_H 1
#define HAVE_STDINT_H 1
#define HAVE_UNISTD_H 1
#define HAVE_STDLIB_H 1
#define HAVE_STRING_H 1
#define HAVE_STRDUP 1

configure: exit 0
